[debug] [2022-07-05T12:00:08.989Z] ----------------------------------------------------------------------
[debug] [2022-07-05T12:00:08.991Z] Command:       C:\Program Files\nodejs\node.exe C:\Users\aungz\AppData\Roaming\npm\node_modules\firebase-tools\lib\bin\firebase.js init
[debug] [2022-07-05T12:00:08.992Z] CLI Version:   11.2.0
[debug] [2022-07-05T12:00:08.992Z] Platform:      win32
[debug] [2022-07-05T12:00:08.992Z] Node Version:  v16.15.1
[debug] [2022-07-05T12:00:08.993Z] Time:          Tue Jul 05 2022 18:30:08 GMT+0630 (Myanmar Time)
[debug] [2022-07-05T12:00:08.993Z] ----------------------------------------------------------------------
[debug] 
[debug] [2022-07-05T12:00:09.062Z] > command requires scopes: ["email","openid","https://www.googleapis.com/auth/cloudplatformprojects.readonly","https://www.googleapis.com/auth/firebase","https://www.googleapis.com/auth/cloud-platform"]
[debug] [2022-07-05T12:00:09.062Z] > authorizing via signed-in user (antisocial3338@gmail.com)
[info] 
     ######## #### ########  ######## ########     ###     ######  ########
     ##        ##  ##     ## ##       ##     ##  ##   ##  ##       ##
     ######    ##  ########  ######   ########  #########  ######  ######
     ##        ##  ##    ##  ##       ##     ## ##     ##       ## ##
     ##       #### ##     ## ######## ########  ##     ##  ######  ########

You're about to initialize a Firebase project in this directory:

  D:\Gmail-Clone

Before we get started, keep in mind:

  * You are initializing within an existing Firebase project directory

[info] 
=== Project Setup
[info] 
[info] First, let's associate this project directory with a Firebase project.
[info] You can create multiple project aliases by running firebase use --add, 
[info] but for now we'll just set up a default project.
[info] 
[debug] [2022-07-05T12:00:18.586Z] Using project from CLI flag: gmaiil-clone-v1
[debug] [2022-07-05T12:00:18.589Z] >>> [apiv2][query] GET https://firebase.googleapis.com/v1beta1/projects/gmaiil-clone-v1 [none]
[debug] [2022-07-05T12:00:19.219Z] <<< [apiv2][status] GET https://firebase.googleapis.com/v1beta1/projects/gmaiil-clone-v1 403
[debug] [2022-07-05T12:00:19.219Z] <<< [apiv2][body] GET https://firebase.googleapis.com/v1beta1/projects/gmaiil-clone-v1 {"error":{"code":403,"message":"The caller does not have permission","status":"PERMISSION_DENIED"}}
[debug] [2022-07-05T12:00:19.220Z] HTTP Error: 403, The caller does not have permission
[debug] [2022-07-05T12:00:19.407Z] FirebaseError: HTTP Error: 403, The caller does not have permission
    at responseToError (C:\Users\aungz\AppData\Roaming\npm\node_modules\firebase-tools\lib\responseToError.js:49:12)
    at RetryOperation._fn (C:\Users\aungz\AppData\Roaming\npm\node_modules\firebase-tools\lib\apiv2.js:287:77)
    at processTicksAndRejections (node:internal/process/task_queues:96:5)
[error] 
[error] Error: Failed to get Firebase project gmaiil-clone-v1. Please make sure the project exists and your account has permission to access it.
[debug] [2022-07-05T12:00:50.487Z] ----------------------------------------------------------------------
[debug] [2022-07-05T12:00:50.489Z] Command:       C:\Program Files\nodejs\node.exe C:\Users\aungz\AppData\Roaming\npm\node_modules\firebase-tools\lib\bin\firebase.js init
[debug] [2022-07-05T12:00:50.490Z] CLI Version:   11.2.0
[debug] [2022-07-05T12:00:50.490Z] Platform:      win32
[debug] [2022-07-05T12:00:50.490Z] Node Version:  v16.15.1
[debug] [2022-07-05T12:00:50.491Z] Time:          Tue Jul 05 2022 18:30:50 GMT+0630 (Myanmar Time)
[debug] [2022-07-05T12:00:50.491Z] ----------------------------------------------------------------------
[debug] 
[debug] [2022-07-05T12:00:50.555Z] > command requires scopes: ["email","openid","https://www.googleapis.com/auth/cloudplatformprojects.readonly","https://www.googleapis.com/auth/firebase","https://www.googleapis.com/auth/cloud-platform"]
[debug] [2022-07-05T12:00:50.556Z] > authorizing via signed-in user (antisocial3338@gmail.com)
[info] 
     ######## #### ########  ######## ########     ###     ######  ########
     ##        ##  ##     ## ##       ##     ##  ##   ##  ##       ##
     ######    ##  ########  ######   ########  #########  ######  ######
     ##        ##  ##    ##  ##       ##     ## ##     ##       ## ##
     ##       #### ##     ## ######## ########  ##     ##  ######  ########

You're about to initialize a Firebase project in this directory:

  D:\Gmail-Clone

Before we get started, keep in mind:

  * You are initializing within an existing Firebase project directory

[info] 
=== Project Setup
[info] 
[info] First, let's associate this project directory with a Firebase project.
[info] You can create multiple project aliases by running firebase use --add, 
[info] but for now we'll just set up a default project.
[info] 
[debug] [2022-07-05T12:01:02.177Z] Using project from CLI flag: signal-social
[debug] [2022-07-05T12:01:02.179Z] >>> [apiv2][query] GET https://firebase.googleapis.com/v1beta1/projects/signal-social [none]
[debug] [2022-07-05T12:01:02.624Z] <<< [apiv2][status] GET https://firebase.googleapis.com/v1beta1/projects/signal-social 200
[debug] [2022-07-05T12:01:02.624Z] <<< [apiv2][body] GET https://firebase.googleapis.com/v1beta1/projects/signal-social {"projectId":"signal-social","projectNumber":"407940045832","displayName":"signal-social","name":"projects/signal-social","resources":{"hostingSite":"signal-social","storageBucket":"signal-social.appspot.com","locationId":"asia-south1"},"state":"ACTIVE"}
[info] i  Using project signal-social (signal-social) 
[info] 
=== Hosting Setup
[info] 
[info] Your public directory is the folder (relative to your project directory) that
[info] will contain Hosting assets to be uploaded with firebase deploy. If you
[info] have a build process for your assets, use your build's output directory.
[info] 
[info] +  Wrote public/404.html 
[debug] [2022-07-05T12:01:15.947Z] >>> [apiv2][query] GET https://www.gstatic.com/firebasejs/releases.json [none]
[debug] [2022-07-05T12:01:16.131Z] <<< [apiv2][status] GET https://www.gstatic.com/firebasejs/releases.json 200
[debug] [2022-07-05T12:01:16.132Z] <<< [apiv2][body] GET https://www.gstatic.com/firebasejs/releases.json {"current":{"version":"9.8.4","browserURL":"https://www.gstatic.com/firebasejs/9.8.4/firebase.js","packageURL":"https://www.gstatic.com/firebasejs/9.8.4/firebase.tgz"},"live":{"version":"9.8","browserURL":"https://www.gstatic.com/firebasejs/live/9.8/firebase.js","packageURL":"https://www.gstatic.com/firebasejs/live/9.8/firebase.tgz"},"components":{"analytics":"https://www.gstatic.com/firebasejs/9.8.4/firebase-analytics.js","app":"https://www.gstatic.com/firebasejs/9.8.4/firebase-app.js","app-check":"https://www.gstatic.com/firebasejs/9.8.4/firebase-app-check.js","auth":"https://www.gstatic.com/firebasejs/9.8.4/firebase-auth.js","auth/cordova":"https://www.gstatic.com/firebasejs/9.8.4/firebase-auth/cordova.js","auth/react-native":"https://www.gstatic.com/firebasejs/9.8.4/firebase-auth/react-native.js","functions":"https://www.gstatic.com/firebasejs/9.8.4/firebase-functions.js","firestore":"https://www.gstatic.com/firebasejs/9.8.4/firebase-firestore.js","firestore/lite":"https://www.gstatic.com/firebasejs/9.8.4/firebase-firestore/lite.js","storage":"https://www.gstatic.com/firebasejs/9.8.4/firebase-storage.js","performance":"https://www.gstatic.com/firebasejs/9.8.4/firebase-performance.js","remote-config":"https://www.gstatic.com/firebasejs/9.8.4/firebase-remote-config.js","messaging":"https://www.gstatic.com/firebasejs/9.8.4/firebase-messaging.js","messaging/sw":"https://www.gstatic.com/firebasejs/9.8.4/firebase-messaging/sw.js","database":"https://www.gstatic.com/firebasejs/9.8.4/firebase-database.js","firestore.memory":"https://www.gstatic.com/firebasejs/9.8.4/firebase-firestore.memory.js"}}
[info] i  Skipping write of public/index.html 
[info] 
[info] i  Detected a .git folder at D:\Gmail-Clone 
[info] i  Authorizing with GitHub to upload your service account to a GitHub repository's secrets store. 
[info] 
[info] Visit this URL on this device to log in:
[info] https://github.com/login/oauth/authorize?client_id=89cf50f02ac6aaed3484&state=999921812&redirect_uri=http%3A%2F%2Flocalhost%3A9005&scope=read%3Auser%20repo%20public_repo
[info] 
[info] Waiting for authentication...
[debug] [2022-07-05T12:02:56.651Z] >>> [apiv2][query] POST https://github.com/login/oauth/access_token [none]
[debug] [2022-07-05T12:02:56.652Z] >>> [apiv2][body] POST https://github.com/login/oauth/access_token [stream]
[debug] [2022-07-05T12:02:57.162Z] <<< [apiv2][status] POST https://github.com/login/oauth/access_token 200
[debug] [2022-07-05T12:02:57.163Z] <<< [apiv2][body] POST https://github.com/login/oauth/access_token {"access_token":"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","token_type":"bearer","scope":"read:user,repo"}
[debug] [2022-07-05T12:02:57.168Z] >>> [apiv2][query] GET https://api.github.com/user [none]
[debug] [2022-07-05T12:02:57.693Z] <<< [apiv2][status] GET https://api.github.com/user 200
[debug] [2022-07-05T12:02:57.693Z] <<< [apiv2][body] GET https://api.github.com/user {"login":"antisocial3338","id":107122938,"node_id":"U_kgDOBmKQ-g","avatar_url":"https://avatars.githubusercontent.com/u/107122938?v=4","gravatar_id":"","url":"https://api.github.com/users/antisocial3338","html_url":"https://github.com/antisocial3338","followers_url":"https://api.github.com/users/antisocial3338/followers","following_url":"https://api.github.com/users/antisocial3338/following{/other_user}","gists_url":"https://api.github.com/users/antisocial3338/gists{/gist_id}","starred_url":"https://api.github.com/users/antisocial3338/starred{/owner}{/repo}","subscriptions_url":"https://api.github.com/users/antisocial3338/subscriptions","organizations_url":"https://api.github.com/users/antisocial3338/orgs","repos_url":"https://api.github.com/users/antisocial3338/repos","events_url":"https://api.github.com/users/antisocial3338/events{/privacy}","received_events_url":"https://api.github.com/users/antisocial3338/received_events","type":"User","site_admin":false,"name":null,"company":null,"blog":"","location":null,"email":null,"hireable":null,"bio":null,"twitter_username":null,"public_repos":1,"public_gists":0,"followers":0,"following":0,"created_at":"2022-06-08T12:54:00Z","updated_at":"2022-07-05T11:02:36Z","private_gists":0,"total_private_repos":2,"owned_private_repos":2,"disk_usage":917,"collaborators":0,"two_factor_authentication":false,"plan":{"name":"free","space":976562499,"collaborators":0,"private_repos":10000}}
[info] 
[info] +  Success! Logged into GitHub as antisocial3338 
[info] 
[debug] [2022-07-05T12:03:21.842Z] >>> [apiv2][query] GET https://api.github.com/repos/antisocial/gmail-clone/actions/secrets/public-key type=owner
[debug] [2022-07-05T12:03:22.345Z] <<< [apiv2][status] GET https://api.github.com/repos/antisocial/gmail-clone/actions/secrets/public-key 404
[debug] [2022-07-05T12:03:22.345Z] <<< [apiv2][body] GET https://api.github.com/repos/antisocial/gmail-clone/actions/secrets/public-key {"message":"Not Found","documentation_url":"https://docs.github.com/rest/reference/actions#get-a-repository-public-key"}
[debug] [2022-07-05T12:04:08.730Z] >>> [apiv2][query] GET https://api.github.com/repos/antisocial/Gmail-Clone/actions/secrets/public-key type=owner
[debug] [2022-07-05T12:04:09.176Z] <<< [apiv2][status] GET https://api.github.com/repos/antisocial/Gmail-Clone/actions/secrets/public-key 404
[debug] [2022-07-05T12:04:09.176Z] <<< [apiv2][body] GET https://api.github.com/repos/antisocial/Gmail-Clone/actions/secrets/public-key {"message":"Not Found","documentation_url":"https://docs.github.com/rest/reference/actions#get-a-repository-public-key"}
[debug] [2022-07-05T12:04:10.346Z] >>> [apiv2][query] GET https://api.github.com/repos/antisocial/Gmail-Clone/actions/secrets/public-key type=owner
[debug] [2022-07-05T12:04:10.602Z] >>> [apiv2][query] GET https://api.github.com/repos//actions/secrets/public-key type=owner
[debug] [2022-07-05T12:04:10.786Z] >>> [apiv2][query] GET https://api.github.com/repos//actions/secrets/public-key type=owner
[debug] [2022-07-05T12:04:10.790Z] <<< [apiv2][status] GET https://api.github.com/repos/antisocial/Gmail-Clone/actions/secrets/public-key 404
[debug] [2022-07-05T12:04:10.790Z] <<< [apiv2][body] GET https://api.github.com/repos/antisocial/Gmail-Clone/actions/secrets/public-key {"message":"Not Found","documentation_url":"https://docs.github.com/rest/reference/actions#get-a-repository-public-key"}
[debug] [2022-07-05T12:04:11.045Z] <<< [apiv2][status] GET https://api.github.com/repos//actions/secrets/public-key 404
[debug] [2022-07-05T12:04:11.045Z] <<< [apiv2][body] GET https://api.github.com/repos//actions/secrets/public-key {"message":"Not Found","documentation_url":"https://docs.github.com/rest"}
[debug] [2022-07-05T12:04:11.228Z] <<< [apiv2][status] GET https://api.github.com/repos//actions/secrets/public-key 404
[debug] [2022-07-05T12:04:11.228Z] <<< [apiv2][body] GET https://api.github.com/repos//actions/secrets/public-key {"message":"Not Found","documentation_url":"https://docs.github.com/rest"}
[debug] [2022-07-05T12:04:13.778Z] Error: kill ENOSYS
    at process.kill (node:internal/process/per_thread:220:13)
    at process.listener (C:\Users\aungz\AppData\Roaming\npm\node_modules\firebase-tools\node_modules\signal-exit\index.js:95:15)
    at process.emit (node:events:527:28)
[error] 
[error] Error: An unexpected error has occurred.
